Build started 10/30/2014 11:00:14 AM.
     1>Project "C:\Users\Administrator.WINDOWS-0PMVBKA\Desktop\AIE Year1 Framework VS2013 - Space Invaders\AIE Template.vcxproj" on node 2 (Build target(s)).
     1>ClCompile:
         C:\Program Files (x86)\Microsoft Visual Studio 12.0\VC\bin\CL.exe /c /I./ /I./include/ /ZI /nologo /W3 /WX- /Od /Oy- /D WIN32 /D _DEBUG /D _WINDOWS /D _MBCS /Gm /EHsc /RTC1 /MDd /GS /fp:precise /Zc:wchar_t /Zc:forScope /Fo"obj\\" /Fd"obj\vc120.pdb" /Gd /TP /analyze- /errorReport:prompt ScoreBuffer.cpp source\main.cpp
         main.cpp
     1>c:\users\administrator.windows-0pmvbka\desktop\aie year1 framework vs2013 - space invaders\entity.h(43): warning C4244: 'argument' : conversion from 'double' to 'float', possible loss of data
     1>c:\users\administrator.windows-0pmvbka\desktop\aie year1 framework vs2013 - space invaders\entity.h(49): warning C4244: 'return' : conversion from 'double' to 'float', possible loss of data
     1>c:\users\administrator.windows-0pmvbka\desktop\aie year1 framework vs2013 - space invaders\entity.h(77): warning C4244: 'argument' : conversion from 'float' to 'int', possible loss of data
     1>c:\users\administrator.windows-0pmvbka\desktop\aie year1 framework vs2013 - space invaders\entity.h(77): warning C4996: 'itoa': The POSIX name for this item is deprecated. Instead, use the ISO C++ conformant name: _itoa. See online help for details.
                 c:\program files (x86)\microsoft visual studio 12.0\vc\include\stdlib.h(937) : see declaration of 'itoa'
     1>c:\users\administrator.windows-0pmvbka\desktop\aie year1 framework vs2013 - space invaders\entity.h(106): warning C4244: 'argument' : conversion from 'float' to 'int', possible loss of data
     1>c:\users\administrator.windows-0pmvbka\desktop\aie year1 framework vs2013 - space invaders\entity.h(107): warning C4244: 'argument' : conversion from 'float' to 'int', possible loss of data
     1>c:\users\administrator.windows-0pmvbka\desktop\aie year1 framework vs2013 - space invaders\entity.h(108): warning C4244: 'argument' : conversion from 'double' to 'int', possible loss of data
     1>c:\users\administrator.windows-0pmvbka\desktop\aie year1 framework vs2013 - space invaders\player.h(31): warning C4244: 'argument' : conversion from 'double' to 'float', possible loss of data
     1>c:\users\administrator.windows-0pmvbka\desktop\aie year1 framework vs2013 - space invaders\gamestate.h(18): warning C4305: 'argument' : truncation from 'double' to 'float'
     1>c:\users\administrator.windows-0pmvbka\desktop\aie year1 framework vs2013 - space invaders\gamestate.h(19): warning C4244: 'argument' : conversion from 'float' to 'int', possible loss of data
     1>c:\users\administrator.windows-0pmvbka\desktop\aie year1 framework vs2013 - space invaders\gamestate.h(28): warning C4244: 'argument' : conversion from 'float' to 'int', possible loss of data
     1>c:\users\administrator.windows-0pmvbka\desktop\aie year1 framework vs2013 - space invaders\gamestate.h(31): warning C4244: 'argument' : conversion from 'float' to 'int', possible loss of data
     1>c:\users\administrator.windows-0pmvbka\desktop\aie year1 framework vs2013 - space invaders\gamestate.h(55): warning C4244: 'argument' : conversion from 'float' to 'int', possible loss of data
     1>c:\users\administrator.windows-0pmvbka\desktop\aie year1 framework vs2013 - space invaders\gamestate.h(56): warning C4244: 'argument' : conversion from 'float' to 'int', possible loss of data
     1>c:\users\administrator.windows-0pmvbka\desktop\aie year1 framework vs2013 - space invaders\gamestate.h(57): warning C4244: 'argument' : conversion from 'float' to 'int', possible loss of data
     1>c:\users\administrator.windows-0pmvbka\desktop\aie year1 framework vs2013 - space invaders\gamestate.h(68): warning C4244: 'argument' : conversion from 'float' to 'int', possible loss of data
     1>c:\users\administrator.windows-0pmvbka\desktop\aie year1 framework vs2013 - space invaders\gamestate.h(69): warning C4244: 'argument' : conversion from 'float' to 'int', possible loss of data
     1>c:\users\administrator.windows-0pmvbka\desktop\aie year1 framework vs2013 - space invaders\gamestate.h(70): warning C4244: 'argument' : conversion from 'float' to 'int', possible loss of data
     1>c:\users\administrator.windows-0pmvbka\desktop\aie year1 framework vs2013 - space invaders\gamestate.h(71): warning C4244: 'argument' : conversion from 'float' to 'int', possible loss of data
     1>c:\users\administrator.windows-0pmvbka\desktop\aie year1 framework vs2013 - space invaders\gamestate.h(72): warning C4244: 'argument' : conversion from 'double' to 'int', possible loss of data
     1>c:\users\administrator.windows-0pmvbka\desktop\aie year1 framework vs2013 - space invaders\gamestate.h(91): warning C4305: 'argument' : truncation from 'double' to 'float'
     1>c:\users\administrator.windows-0pmvbka\desktop\aie year1 framework vs2013 - space invaders\gamestate.h(92): warning C4244: 'argument' : conversion from 'double' to 'int', possible loss of data
     1>c:\users\administrator.windows-0pmvbka\desktop\aie year1 framework vs2013 - space invaders\gamestate.h(93): warning C4244: 'argument' : conversion from 'double' to 'int', possible loss of data
     1>c:\users\administrator.windows-0pmvbka\desktop\aie year1 framework vs2013 - space invaders\gamestate.h(94): warning C4244: 'argument' : conversion from 'float' to 'int', possible loss of data
     1>c:\users\administrator.windows-0pmvbka\desktop\aie year1 framework vs2013 - space invaders\gamestate.h(95): warning C4244: 'argument' : conversion from 'float' to 'int', possible loss of data
     1>c:\users\administrator.windows-0pmvbka\desktop\aie year1 framework vs2013 - space invaders\gamestate.h(96): warning C4244: 'argument' : conversion from 'float' to 'int', possible loss of data
     1>c:\users\administrator.windows-0pmvbka\desktop\aie year1 framework vs2013 - space invaders\gamestate.h(114): warning C4244: 'argument' : conversion from 'double' to 'int', possible loss of data
     1>c:\users\administrator.windows-0pmvbka\desktop\aie year1 framework vs2013 - space invaders\gamestate.h(115): warning C4244: 'argument' : conversion from 'double' to 'int', possible loss of data
         ScoreBuffer.cpp
     1>c:\users\administrator.windows-0pmvbka\desktop\aie year1 framework vs2013 - space invaders\scorebuffer.cpp(28): warning C4996: 'itoa': The POSIX name for this item is deprecated. Instead, use the ISO C++ conformant name: _itoa. See online help for details.
                 c:\program files (x86)\microsoft visual studio 12.0\vc\include\stdlib.h(937) : see declaration of 'itoa'
     1>c:\users\administrator.windows-0pmvbka\desktop\aie year1 framework vs2013 - space invaders\scorebuffer.cpp(63): warning C4244: 'argument' : conversion from 'float' to 'int', possible loss of data
     1>c:\users\administrator.windows-0pmvbka\desktop\aie year1 framework vs2013 - space invaders\scorebuffer.cpp(63): warning C4996: 'itoa': The POSIX name for this item is deprecated. Instead, use the ISO C++ conformant name: _itoa. See online help for details.
                 c:\program files (x86)\microsoft visual studio 12.0\vc\include\stdlib.h(937) : see declaration of 'itoa'
         Generating Code...
       Link:
         C:\Program Files (x86)\Microsoft Visual Studio 12.0\VC\bin\link.exe /ERRORREPORT:PROMPT /OUT:"bin\AIE Template_d.exe" /INCREMENTAL /NOLOGO /LIBPATH:./libs AIE_1st_Year_Framework_d.lib kernel32.lib kernel32.lib user32.lib gdi32.lib winspool.lib comdlg32.lib advapi32.lib shell32.lib ole32.lib oleaut32.lib uuid.lib odbc32.lib odbccp32.lib /MANIFEST /MANIFESTUAC:"level='asInvoker' uiAccess='false'" /manifest:embed /DEBUG /PDB:"bin\AIE Template_d.pdb" /TLBID:1 /DYNAMICBASE /NXCOMPAT /IMPLIB:"bin\AIE Template_d.lib" /MACHINE:X86 obj\ScoreBuffer.obj
         obj\main.obj
         AIE_1st_Year_Framework_d.lib(SOIL.obj) : MSIL .netmodule or module compiled with /GL found; restarting link with /LTCG; add /LTCG to the link command line to improve linker performance
     1>LINK : warning LNK4075: ignoring '/INCREMENTAL' due to '/LTCG' specification
     1>ScoreBuffer.obj : warning LNK4075: ignoring '/EDITANDCONTINUE' due to '/OPT:LBR' specification
     1>LINK : warning LNK4098: defaultlib 'LIBCMT' conflicts with use of other libs; use /NODEFAULTLIB:library
     1>LINK : warning LNK4098: defaultlib 'MSVCRT' conflicts with use of other libs; use /NODEFAULTLIB:library
         Generating code
         Finished generating code
     1>AIE_1st_Year_Framework_d.lib(SOIL.obj) : warning LNK4099: PDB 'vc110.pdb' was not found with 'AIE_1st_Year_Framework_d.lib(SOIL.obj)' or at 'C:\Users\Administrator.WINDOWS-0PMVBKA\Desktop\AIE Year1 Framework VS2013 - Space Invaders\bin\vc110.pdb'; linking object as if no debug info
     1>AIE_1st_Year_Framework_d.lib(stb_image_aug.obj) : warning LNK4099: PDB 'vc110.pdb' was not found with 'AIE_1st_Year_Framework_d.lib(stb_image_aug.obj)' or at 'C:\Users\Administrator.WINDOWS-0PMVBKA\Desktop\AIE Year1 Framework VS2013 - Space Invaders\bin\vc110.pdb'; linking object as if no debug info
     1>AIE_1st_Year_Framework_d.lib(image_helper.obj) : warning LNK4099: PDB 'vc110.pdb' was not found with 'AIE_1st_Year_Framework_d.lib(image_helper.obj)' or at 'C:\Users\Administrator.WINDOWS-0PMVBKA\Desktop\AIE Year1 Framework VS2013 - Space Invaders\bin\vc110.pdb'; linking object as if no debug info
     1>AIE_1st_Year_Framework_d.lib(image_DXT.obj) : warning LNK4099: PDB 'vc110.pdb' was not found with 'AIE_1st_Year_Framework_d.lib(image_DXT.obj)' or at 'C:\Users\Administrator.WINDOWS-0PMVBKA\Desktop\AIE Year1 Framework VS2013 - Space Invaders\bin\vc110.pdb'; linking object as if no debug info
     1>AIE_1st_Year_Framework_d.lib(tinystr.obj) : warning LNK4099: PDB 'vc120.pdb' was not found with 'AIE_1st_Year_Framework_d.lib(tinystr.obj)' or at 'C:\Users\Administrator.WINDOWS-0PMVBKA\Desktop\AIE Year1 Framework VS2013 - Space Invaders\bin\vc120.pdb'; linking object as if no debug info
     1>AIE_1st_Year_Framework_d.lib(tinyxml.obj) : warning LNK4099: PDB 'vc120.pdb' was not found with 'AIE_1st_Year_Framework_d.lib(tinyxml.obj)' or at 'C:\Users\Administrator.WINDOWS-0PMVBKA\Desktop\AIE Year1 Framework VS2013 - Space Invaders\bin\vc120.pdb'; linking object as if no debug info
     1>AIE_1st_Year_Framework_d.lib(tinyxmlerror.obj) : warning LNK4099: PDB 'vc120.pdb' was not found with 'AIE_1st_Year_Framework_d.lib(tinyxmlerror.obj)' or at 'C:\Users\Administrator.WINDOWS-0PMVBKA\Desktop\AIE Year1 Framework VS2013 - Space Invaders\bin\vc120.pdb'; linking object as if no debug info
     1>AIE_1st_Year_Framework_d.lib(tinyxmlHelper.obj) : warning LNK4099: PDB 'vc120.pdb' was not found with 'AIE_1st_Year_Framework_d.lib(tinyxmlHelper.obj)' or at 'C:\Users\Administrator.WINDOWS-0PMVBKA\Desktop\AIE Year1 Framework VS2013 - Space Invaders\bin\vc120.pdb'; linking object as if no debug info
     1>AIE_1st_Year_Framework_d.lib(tinyxmlparser.obj) : warning LNK4099: PDB 'vc120.pdb' was not found with 'AIE_1st_Year_Framework_d.lib(tinyxmlparser.obj)' or at 'C:\Users\Administrator.WINDOWS-0PMVBKA\Desktop\AIE Year1 Framework VS2013 - Space Invaders\bin\vc120.pdb'; linking object as if no debug info
     1>AIE_1st_Year_Framework_d.lib(AIE.obj) : warning LNK4099: PDB 'vc120.pdb' was not found with 'AIE_1st_Year_Framework_d.lib(AIE.obj)' or at 'C:\Users\Administrator.WINDOWS-0PMVBKA\Desktop\AIE Year1 Framework VS2013 - Space Invaders\bin\vc120.pdb'; linking object as if no debug info
     1>AIE_1st_Year_Framework_d.lib(AIE_Framework.obj) : warning LNK4099: PDB 'vc120.pdb' was not found with 'AIE_1st_Year_Framework_d.lib(AIE_Framework.obj)' or at 'C:\Users\Administrator.WINDOWS-0PMVBKA\Desktop\AIE Year1 Framework VS2013 - Space Invaders\bin\vc120.pdb'; linking object as if no debug info
     1>AIE_1st_Year_Framework_d.lib(BasicSprite.obj) : warning LNK4099: PDB 'vc120.pdb' was not found with 'AIE_1st_Year_Framework_d.lib(BasicSprite.obj)' or at 'C:\Users\Administrator.WINDOWS-0PMVBKA\Desktop\AIE Year1 Framework VS2013 - Space Invaders\bin\vc120.pdb'; linking object as if no debug info
     1>AIE_1st_Year_Framework_d.lib(Font.obj) : warning LNK4099: PDB 'vc120.pdb' was not found with 'AIE_1st_Year_Framework_d.lib(Font.obj)' or at 'C:\Users\Administrator.WINDOWS-0PMVBKA\Desktop\AIE Year1 Framework VS2013 - Space Invaders\bin\vc120.pdb'; linking object as if no debug info
     1>AIE_1st_Year_Framework_d.lib(FontManager.obj) : warning LNK4099: PDB 'vc120.pdb' was not found with 'AIE_1st_Year_Framework_d.lib(FontManager.obj)' or at 'C:\Users\Administrator.WINDOWS-0PMVBKA\Desktop\AIE Year1 Framework VS2013 - Space Invaders\bin\vc120.pdb'; linking object as if no debug info
     1>AIE_1st_Year_Framework_d.lib(Gizmos.obj) : warning LNK4099: PDB 'vc120.pdb' was not found with 'AIE_1st_Year_Framework_d.lib(Gizmos.obj)' or at 'C:\Users\Administrator.WINDOWS-0PMVBKA\Desktop\AIE Year1 Framework VS2013 - Space Invaders\bin\vc120.pdb'; linking object as if no debug info
     1>AIE_1st_Year_Framework_d.lib(SpriteManager.obj) : warning LNK4099: PDB 'vc120.pdb' was not found with 'AIE_1st_Year_Framework_d.lib(SpriteManager.obj)' or at 'C:\Users\Administrator.WINDOWS-0PMVBKA\Desktop\AIE Year1 Framework VS2013 - Space Invaders\bin\vc120.pdb'; linking object as if no debug info
     1>AIE_1st_Year_Framework_d.lib(strHandler.obj) : warning LNK4099: PDB 'vc120.pdb' was not found with 'AIE_1st_Year_Framework_d.lib(strHandler.obj)' or at 'C:\Users\Administrator.WINDOWS-0PMVBKA\Desktop\AIE Year1 Framework VS2013 - Space Invaders\bin\vc120.pdb'; linking object as if no debug info
     1>AIE_1st_Year_Framework_d.lib(Texture.obj) : warning LNK4099: PDB 'vc120.pdb' was not found with 'AIE_1st_Year_Framework_d.lib(Texture.obj)' or at 'C:\Users\Administrator.WINDOWS-0PMVBKA\Desktop\AIE Year1 Framework VS2013 - Space Invaders\bin\vc120.pdb'; linking object as if no debug info
     1>AIE_1st_Year_Framework_d.lib(TextureManager.obj) : warning LNK4099: PDB 'vc120.pdb' was not found with 'AIE_1st_Year_Framework_d.lib(TextureManager.obj)' or at 'C:\Users\Administrator.WINDOWS-0PMVBKA\Desktop\AIE Year1 Framework VS2013 - Space Invaders\bin\vc120.pdb'; linking object as if no debug info
     1>AIE_1st_Year_Framework_d.lib(Utilities.obj) : warning LNK4099: PDB 'vc120.pdb' was not found with 'AIE_1st_Year_Framework_d.lib(Utilities.obj)' or at 'C:\Users\Administrator.WINDOWS-0PMVBKA\Desktop\AIE Year1 Framework VS2013 - Space Invaders\bin\vc120.pdb'; linking object as if no debug info
     1>AIE_1st_Year_Framework_d.lib(glew.obj) : warning LNK4099: PDB 'vc100.pdb' was not found with 'AIE_1st_Year_Framework_d.lib(glew.obj)' or at 'C:\Users\Administrator.WINDOWS-0PMVBKA\Desktop\AIE Year1 Framework VS2013 - Space Invaders\bin\vc100.pdb'; linking object as if no debug info
         AIE Template.vcxproj -> C:\Users\Administrator.WINDOWS-0PMVBKA\Desktop\AIE Year1 Framework VS2013 - Space Invaders\bin\AIE Template_d.exe
     1>Done Building Project "C:\Users\Administrator.WINDOWS-0PMVBKA\Desktop\AIE Year1 Framework VS2013 - Space Invaders\AIE Template.vcxproj" (Build target(s)).

Build succeeded.

Time Elapsed 00:00:03.65
